<?xml version="1.0" encoding="UTF-8"?>
<testng-results ignored="0" total="1" passed="1" failed="0" skipped="0">
  <reporter-output>
  </reporter-output>
  <suite started-at="2026-02-27T22:09:40 IST" name="Default suite" finished-at="2026-02-27T22:10:11 IST" duration-ms="31483">
    <groups>
    </groups>
    <test started-at="2026-02-27T22:09:40 IST" name="Default test" finished-at="2026-02-27T22:10:11 IST" duration-ms="31483">
      <class name="tests.FlightBookingTest">
        <test-method is-config="true" signature="setup()[pri:0, instance:tests.FlightBookingTest@6e4784bc]" started-at="2026-02-27T22:09:40 IST" name="setup" finished-at="2026-02-27T22:09:44 IST" duration-ms="4398" status="PASS">
          <reporter-output>
          </reporter-output>
        </test-method> <!-- setup -->
        <test-method signature="flightSearchTest()[pri:0, instance:tests.FlightBookingTest@6e4784bc]" started-at="2026-02-27T22:09:44 IST" name="flightSearchTest" finished-at="2026-02-27T22:10:11 IST" duration-ms="26659" status="PASS">
          <reporter-output>
          </reporter-output>
        </test-method> <!-- flightSearchTest -->
        <test-method is-config="true" signature="tearDown()[pri:0, instance:tests.FlightBookingTest@6e4784bc]" started-at="2026-02-27T22:10:11 IST" name="tearDown" finished-at="2026-02-27T22:10:11 IST" duration-ms="365" status="PASS">
          <reporter-output>
          </reporter-output>
        </test-method> <!-- tearDown -->
      </class> <!-- tests.FlightBookingTest -->
    </test> <!-- Default test -->
  </suite> <!-- Default suite -->
</testng-results>
